nohup: ignoring input
[cds] - loaded model from 8 file(s):

  srv/services.cds
  ../node_modules/@sap/cds/srv/outbox.cds
  ../node_modules/@sap/cds-mtxs/srv/bootstrap.cds
  ../lib/ord-service.cds
  srv/incidents-services.cds
  db/schema.cds
  db/incidents-schema.cds
  ../node_modules/@sap/cds/common.cds
[cds] - connect to db > sqlite { url: ':memory:' }
[cds] - using auth strategy {
  kind: 'mocked',
  impl: '../node_modules/@sap/cds/lib/srv/middlewares/auth/basic-auth.js'
}
[cds] - serving cds.xt.ModelProviderService {
  at: [ '/-/cds/model-provider' ],
  decl: '../node_modules/@sap/cds-mtxs/srv/model-provider.cds:18',
  impl: '../node_modules/@sap/cds-mtxs/srv/model-provider.js'
}
[cds] - serving ProcessorService {
  at: [ '/odata/v4/processor' ],
  decl: 'srv/incidents-services.cds:6',
  impl: '../node_modules/@sap/cds/srv/app-service.js'
}
[cds] - serving AdminService {
  at: [ '/odata/v4/admin' ],
  decl: 'srv/incidents-services.cds:14',
  impl: '../node_modules/@sap/cds/srv/app-service.js'
}
[cds] - serving sap.capire.incidents.LocalService {
  at: [ '/odata/v4/local' ],
  decl: 'srv/services.cds:27',
  impl: '../node_modules/@sap/cds/srv/app-service.js'
}
[cds] - serving sap.capire.incidents.EntertainmentDataProduct {
  at: [ '/odata/v4/entertainment-data-product' ],
  decl: 'srv/services.cds:54',
  impl: '../node_modules/@sap/cds/srv/app-service.js'
}
[cds] - serving OpenResourceDiscoveryService {
  at: [ '/.well-known/open-resource-discovery' ],
  decl: '../lib/ord-service.cds:3',
  impl: '../lib/ord-service.js'
}
[cds] - server listening on { url: 'http://localhost:4004' }
[cds] - server v9.4.2 launched in 386 ms
